# JRE version: OpenJDK Runtime Environment (7.0_71-b14) (build 1.7.0_71-b14)
# Java VM: OpenJDK 64-Bit Server VM (24.65-b04 mixed mode linux-amd64 compressed oops)
Heap
 PSYoungGen      total 269824K, used 7280K [0x00000007d6600000, 0x00000007e7600000, 0x0000000800000000)
  eden space 261632K, 0% used [0x00000007d6600000,0x00000007d6600000,0x00000007e6580000)
  from space 8192K, 88% used [0x00000007e6580000,0x00000007e6c9c010,0x00000007e6d80000)
  to   space 7680K, 0% used [0x00000007e6d80000,0x00000007e6d80000,0x00000007e7500000)
 ParOldGen       total 84992K, used 6468K [0x0000000783200000, 0x0000000788500000, 0x00000007d6600000)
  object space 84992K, 7% used [0x0000000783200000,0x00000007838513b0,0x0000000788500000)
 PSPermGen       total 21504K, used 17397K [0x0000000778c00000, 0x000000077a100000, 0x0000000783200000)
  object space 21504K, 80% used [0x0000000778c00000,0x0000000779cfd770,0x000000077a100000)
GC Heap History (10 events):
Event: 1.490 GC heap after
Heap after GC invocations=2 (full 0):
 PSYoungGen      total 70656K, used 4723K [0x00000007d6600000, 0x00000007db000000, 0x0000000800000000)
  eden space 65536K, 0% used [0x00000007d6600000,0x00000007d6600000,0x00000007da600000)
  from space 5120K, 92% used [0x00000007dab00000,0x00000007daf9cd60,0x00000007db000000)
  to   space 5120K, 0% used [0x00000007da600000,0x00000007da600000,0x00000007dab00000)
 ParOldGen       total 84992K, used 56K [0x0000000783200000, 0x0000000788500000, 0x00000007d6600000)
  object space 84992K, 0% used [0x0000000783200000,0x000000078320e348,0x0000000788500000)
 PSPermGen       total 21504K, used 12662K [0x0000000778c00000, 0x000000077a100000, 0x0000000783200000)
  object space 21504K, 58% used [0x0000000778c00000,0x000000077985d9b0,0x000000077a100000)
}
Event: 2.105 GC heap before
{Heap before GC invocations=3 (full 0):
 PSYoungGen      total 70656K, used 70259K [0x00000007d6600000, 0x00000007db000000, 0x0000000800000000)
  eden space 65536K, 100% used [0x00000007d6600000,0x00000007da600000,0x00000007da600000)
  from space 5120K, 92% used [0x00000007dab00000,0x00000007daf9cd60,0x00000007db000000)
  to   space 5120K, 0% used [0x00000007da600000,0x00000007da600000,0x00000007dab00000)
 ParOldGen       total 84992K, used 56K [0x0000000783200000, 0x0000000788500000, 0x00000007d6600000)
  object space 84992K, 0% used [0x0000000783200000,0x000000078320e348,0x0000000788500000)
 PSPermGen       total 21504K, used 14609K [0x0000000778c00000, 0x000000077a100000, 0x0000000783200000)
  object space 21504K, 67% used [0x0000000778c00000,0x0000000779a44620,0x000000077a100000)
Event: 2.121 GC heap after
Heap after GC invocations=3 (full 0):
 PSYoungGen      total 70656K, used 5107K [0x00000007d6600000, 0x00000007df000000, 0x0000000800000000)
  eden space 65536K, 0% used [0x00000007d6600000,0x00000007d6600000,0x00000007da600000)
  from space 5120K, 99% used [0x00000007da600000,0x00000007daafce00,0x00000007dab00000)
  to   space 5120K, 0% used [0x00000007deb00000,0x00000007deb00000,0x00000007df000000)
 ParOldGen       total 84992K, used 178K [0x0000000783200000, 0x0000000788500000, 0x00000007d6600000)
  object space 84992K, 0% used [0x0000000783200000,0x000000078322c9e8,0x0000000788500000)
 PSPermGen       total 21504K, used 14609K [0x0000000778c00000, 0x000000077a100000, 0x0000000783200000)
  object space 21504K, 67% used [0x0000000778c00000,0x0000000779a44620,0x000000077a100000)
}
Event: 2.531 GC heap before
{Heap before GC invocations=4 (full 0):
 PSYoungGen      total 70656K, used 70643K [0x00000007d6600000, 0x00000007df000000, 0x0000000800000000)
  eden space 65536K, 100% used [0x00000007d6600000,0x00000007da600000,0x00000007da600000)
  from space 5120K, 99% used [0x00000007da600000,0x00000007daafce00,0x00000007dab00000)
  to   space 5120K, 0% used [0x00000007deb00000,0x00000007deb00000,0x00000007df000000)
 ParOldGen       total 84992K, used 178K [0x0000000783200000, 0x0000000788500000, 0x00000007d6600000)
  object space 84992K, 0% used [0x0000000783200000,0x000000078322c9e8,0x0000000788500000)
 PSPermGen       total 21504K, used 16902K [0x0000000778c00000, 0x000000077a100000, 0x0000000783200000)
  object space 21504K, 78% used [0x0000000778c00000,0x0000000779c81880,0x000000077a100000)
Event: 2.548 GC heap after
Heap after GC invocations=4 (full 0):
 PSYoungGen      total 136192K, used 5107K [0x00000007d6600000, 0x00000007df000000, 0x0000000800000000)
  eden space 131072K, 0% used [0x00000007d6600000,0x00000007d6600000,0x00000007de600000)
  from space 5120K, 99% used [0x00000007deb00000,0x00000007deffce00,0x00000007df000000)
  to   space 5120K, 0% used [0x00000007de600000,0x00000007de600000,0x00000007deb00000)
 ParOldGen       total 84992K, used 1657K [0x0000000783200000, 0x0000000788500000, 0x00000007d6600000)
  object space 84992K, 1% used [0x0000000783200000,0x000000078339e500,0x0000000788500000)
 PSPermGen       total 21504K, used 16902K [0x0000000778c00000, 0x000000077a100000, 0x0000000783200000)
  object space 21504K, 78% used [0x0000000778c00000,0x0000000779c81880,0x000000077a100000)
}
Event: 2.707 GC heap before
{Heap before GC invocations=5 (full 0):
 PSYoungGen      total 136192K, used 136179K [0x00000007d6600000, 0x00000007df000000, 0x0000000800000000)
  eden space 131072K, 100% used [0x00000007d6600000,0x00000007de600000,0x00000007de600000)
  from space 5120K, 99% used [0x00000007deb00000,0x00000007deffce00,0x00000007df000000)
  to   space 5120K, 0% used [0x00000007de600000,0x00000007de600000,0x00000007deb00000)
 ParOldGen       total 84992K, used 1657K [0x0000000783200000, 0x0000000788500000, 0x00000007d6600000)
  object space 84992K, 1% used [0x0000000783200000,0x000000078339e500,0x0000000788500000)
 PSPermGen       total 21504K, used 17256K [0x0000000778c00000, 0x000000077a100000, 0x0000000783200000)
  object space 21504K, 80% used [0x0000000778c00000,0x0000000779cda388,0x000000077a100000)
Event: 2.723 GC heap after
Heap after GC invocations=5 (full 0):
 PSYoungGen      total 136192K, used 5091K [0x00000007d6600000, 0x00000007e7500000, 0x0000000800000000)
  eden space 131072K, 0% used [0x00000007d6600000,0x00000007d6600000,0x00000007de600000)
  from space 5120K, 99% used [0x00000007de600000,0x00000007deaf8df0,0x00000007deb00000)
  to   space 7680K, 0% used [0x00000007e6d80000,0x00000007e6d80000,0x00000007e7500000)
 ParOldGen       total 84992K, used 3826K [0x0000000783200000, 0x0000000788500000, 0x00000007d6600000)
  object space 84992K, 4% used [0x0000000783200000,0x00000007835bc9a0,0x0000000788500000)
 PSPermGen       total 21504K, used 17256K [0x0000000778c00000, 0x000000077a100000, 0x0000000783200000)
  object space 21504K, 80% used [0x0000000778c00000,0x0000000779cda388,0x000000077a100000)
}
Event: 2.825 GC heap before
{Heap before GC invocations=6 (full 0):
 PSYoungGen      total 136192K, used 136163K [0x00000007d6600000, 0x00000007e7500000, 0x0000000800000000)
  eden space 131072K, 100% used [0x00000007d6600000,0x00000007de600000,0x00000007de600000)
  from space 5120K, 99% used [0x00000007de600000,0x00000007deaf8df0,0x00000007deb00000)
  to   space 7680K, 0% used [0x00000007e6d80000,0x00000007e6d80000,0x00000007e7500000)
 ParOldGen       total 84992K, used 3826K [0x0000000783200000, 0x0000000788500000, 0x00000007d6600000)
  object space 84992K, 4% used [0x0000000783200000,0x00000007835bc9a0,0x0000000788500000)
 PSPermGen       total 21504K, used 17374K [0x0000000778c00000, 0x000000077a100000, 0x0000000783200000)
  object space 21504K, 80% used [0x0000000778c00000,0x0000000779cf78f0,0x000000077a100000)
Event: 2.841 GC heap after
Heap after GC invocations=6 (full 0):
 PSYoungGen      total 269312K, used 7065K [0x00000007d6600000, 0x00000007e7600000, 0x0000000800000000)
  eden space 261632K, 0% used [0x00000007d6600000,0x00000007d6600000,0x00000007e6580000)
  from space 7680K, 91% used [0x00000007e6d80000,0x00000007e74664f8,0x00000007e7500000)
  to   space 8192K, 0% used [0x00000007e6580000,0x00000007e6580000,0x00000007e6d80000)
 ParOldGen       total 84992K, used 3826K [0x0000000783200000, 0x0000000788500000, 0x00000007d6600000)
  object space 84992K, 4% used [0x0000000783200000,0x00000007835bc9a0,0x0000000788500000)
 PSPermGen       total 21504K, used 17374K [0x0000000778c00000, 0x000000077a100000, 0x0000000783200000)
  object space 21504K, 80% used [0x0000000778c00000,0x0000000779cf78f0,0x000000077a100000)
}
Event: 3.132 GC heap before
{Heap before GC invocations=7 (full 0):
 PSYoungGen      total 269312K, used 268697K [0x00000007d6600000, 0x00000007e7600000, 0x0000000800000000)
  eden space 261632K, 100% used [0x00000007d6600000,0x00000007e6580000,0x00000007e6580000)
  from space 7680K, 91% used [0x00000007e6d80000,0x00000007e74664f8,0x00000007e7500000)
  to   space 8192K, 0% used [0x00000007e6580000,0x00000007e6580000,0x00000007e6d80000)
 ParOldGen       total 84992K, used 3826K [0x0000000783200000, 0x0000000788500000, 0x00000007d6600000)
  object space 84992K, 4% used [0x0000000783200000,0x00000007835bc9a0,0x0000000788500000)
 PSPermGen       total 21504K, used 17397K [0x0000000778c00000, 0x000000077a100000, 0x0000000783200000)
  object space 21504K, 80% used [0x0000000778c00000,0x0000000779cfd770,0x000000077a100000)

