# JRE version: OpenJDK Runtime Environment (7.0_51-b31) (build 1.7.0_51-b31)
# Java VM: OpenJDK 64-Bit Server VM (24.51-b03 mixed mode linux-amd64 compressed oops)
Heap
 PSYoungGen      total 269312K, used 8009K [0x00000007d6600000, 0x00000007e7600000, 0x0000000800000000)
  eden space 261120K, 0% used [0x00000007d6600000,0x00000007d6600000,0x00000007e6500000)
  from space 8192K, 97% used [0x00000007e6500000,0x00000007e6cd26a0,0x00000007e6d00000)
  to   space 7168K, 0% used [0x00000007e6d00000,0x00000007e6d00000,0x00000007e7400000)
 ParOldGen       total 84992K, used 6057K [0x0000000783200000, 0x0000000788500000, 0x00000007d6600000)
  object space 84992K, 7% used [0x0000000783200000,0x00000007837ea4a0,0x0000000788500000)
 PSPermGen       total 21504K, used 17183K [0x0000000778c00000, 0x000000077a100000, 0x0000000783200000)
  object space 21504K, 79% used [0x0000000778c00000,0x0000000779cc7e00,0x000000077a100000)
GC Heap History (10 events):
Event: 1.686 GC heap after
Heap after GC invocations=2 (full 0):
 PSYoungGen      total 70656K, used 4858K [0x00000007d6600000, 0x00000007db000000, 0x0000000800000000)
  eden space 65536K, 0% used [0x00000007d6600000,0x00000007d6600000,0x00000007da600000)
  from space 5120K, 94% used [0x00000007dab00000,0x00000007dafbe888,0x00000007db000000)
  to   space 5120K, 0% used [0x00000007da600000,0x00000007da600000,0x00000007dab00000)
 ParOldGen       total 84992K, used 238K [0x0000000783200000, 0x0000000788500000, 0x00000007d6600000)
  object space 84992K, 0% used [0x0000000783200000,0x000000078323b980,0x0000000788500000)
 PSPermGen       total 21504K, used 12577K [0x0000000778c00000, 0x000000077a100000, 0x0000000783200000)
  object space 21504K, 58% used [0x0000000778c00000,0x0000000779848400,0x000000077a100000)
}
Event: 2.352 GC heap before
{Heap before GC invocations=3 (full 0):
 PSYoungGen      total 70656K, used 70394K [0x00000007d6600000, 0x00000007db000000, 0x0000000800000000)
  eden space 65536K, 100% used [0x00000007d6600000,0x00000007da600000,0x00000007da600000)
  from space 5120K, 94% used [0x00000007dab00000,0x00000007dafbe888,0x00000007db000000)
  to   space 5120K, 0% used [0x00000007da600000,0x00000007da600000,0x00000007dab00000)
 ParOldGen       total 84992K, used 238K [0x0000000783200000, 0x0000000788500000, 0x00000007d6600000)
  object space 84992K, 0% used [0x0000000783200000,0x000000078323b980,0x0000000788500000)
 PSPermGen       total 21504K, used 14574K [0x0000000778c00000, 0x000000077a100000, 0x0000000783200000)
  object space 21504K, 67% used [0x0000000778c00000,0x0000000779a3b960,0x000000077a100000)
Event: 2.366 GC heap after
Heap after GC invocations=3 (full 0):
 PSYoungGen      total 70656K, used 5091K [0x00000007d6600000, 0x00000007df000000, 0x0000000800000000)
  eden space 65536K, 0% used [0x00000007d6600000,0x00000007d6600000,0x00000007da600000)
  from space 5120K, 99% used [0x00000007da600000,0x00000007daaf8df0,0x00000007dab00000)
  to   space 5120K, 0% used [0x00000007deb00000,0x00000007deb00000,0x00000007df000000)
 ParOldGen       total 84992K, used 404K [0x0000000783200000, 0x0000000788500000, 0x00000007d6600000)
  object space 84992K, 0% used [0x0000000783200000,0x0000000783265260,0x0000000788500000)
 PSPermGen       total 21504K, used 14574K [0x0000000778c00000, 0x000000077a100000, 0x0000000783200000)
  object space 21504K, 67% used [0x0000000778c00000,0x0000000779a3b960,0x000000077a100000)
}
Event: 2.591 GC heap before
{Heap before GC invocations=4 (full 0):
 PSYoungGen      total 70656K, used 70627K [0x00000007d6600000, 0x00000007df000000, 0x0000000800000000)
  eden space 65536K, 100% used [0x00000007d6600000,0x00000007da600000,0x00000007da600000)
  from space 5120K, 99% used [0x00000007da600000,0x00000007daaf8df0,0x00000007dab00000)
  to   space 5120K, 0% used [0x00000007deb00000,0x00000007deb00000,0x00000007df000000)
 ParOldGen       total 84992K, used 404K [0x0000000783200000, 0x0000000788500000, 0x00000007d6600000)
  object space 84992K, 0% used [0x0000000783200000,0x0000000783265260,0x0000000788500000)
 PSPermGen       total 21504K, used 15447K [0x0000000778c00000, 0x000000077a100000, 0x0000000783200000)
  object space 21504K, 71% used [0x0000000778c00000,0x0000000779b15d70,0x000000077a100000)
Event: 2.609 GC heap after
Heap after GC invocations=4 (full 0):
 PSYoungGen      total 136192K, used 5107K [0x00000007d6600000, 0x00000007df000000, 0x0000000800000000)
  eden space 131072K, 0% used [0x00000007d6600000,0x00000007d6600000,0x00000007de600000)
  from space 5120K, 99% used [0x00000007deb00000,0x00000007deffce00,0x00000007df000000)
  to   space 5120K, 0% used [0x00000007de600000,0x00000007de600000,0x00000007deb00000)
 ParOldGen       total 84992K, used 696K [0x0000000783200000, 0x0000000788500000, 0x00000007d6600000)
  object space 84992K, 0% used [0x0000000783200000,0x00000007832ae398,0x0000000788500000)
 PSPermGen       total 21504K, used 15447K [0x0000000778c00000, 0x000000077a100000, 0x0000000783200000)
  object space 21504K, 71% used [0x0000000778c00000,0x0000000779b15d70,0x000000077a100000)
}
Event: 2.719 GC heap before
{Heap before GC invocations=5 (full 0):
 PSYoungGen      total 136192K, used 136179K [0x00000007d6600000, 0x00000007df000000, 0x0000000800000000)
  eden space 131072K, 100% used [0x00000007d6600000,0x00000007de600000,0x00000007de600000)
  from space 5120K, 99% used [0x00000007deb00000,0x00000007deffce00,0x00000007df000000)
  to   space 5120K, 0% used [0x00000007de600000,0x00000007de600000,0x00000007deb00000)
 ParOldGen       total 84992K, used 696K [0x0000000783200000, 0x0000000788500000, 0x00000007d6600000)
  object space 84992K, 0% used [0x0000000783200000,0x00000007832ae398,0x0000000788500000)
 PSPermGen       total 21504K, used 15785K [0x0000000778c00000, 0x000000077a100000, 0x0000000783200000)
  object space 21504K, 73% used [0x0000000778c00000,0x0000000779b6a688,0x000000077a100000)
Event: 2.733 GC heap after
Heap after GC invocations=5 (full 0):
 PSYoungGen      total 136192K, used 5113K [0x00000007d6600000, 0x00000007e7400000, 0x0000000800000000)
  eden space 131072K, 0% used [0x00000007d6600000,0x00000007d6600000,0x00000007de600000)
  from space 5120K, 99% used [0x00000007de600000,0x00000007deafe570,0x00000007deb00000)
  to   space 7168K, 0% used [0x00000007e6d00000,0x00000007e6d00000,0x00000007e7400000)
 ParOldGen       total 84992K, used 2950K [0x0000000783200000, 0x0000000788500000, 0x00000007d6600000)
  object space 84992K, 3% used [0x0000000783200000,0x00000007834e1b10,0x0000000788500000)
 PSPermGen       total 21504K, used 15785K [0x0000000778c00000, 0x000000077a100000, 0x0000000783200000)
  object space 21504K, 73% used [0x0000000778c00000,0x0000000779b6a688,0x000000077a100000)
}
Event: 2.835 GC heap before
{Heap before GC invocations=6 (full 0):
 PSYoungGen      total 136192K, used 136185K [0x00000007d6600000, 0x00000007e7400000, 0x0000000800000000)
  eden space 131072K, 100% used [0x00000007d6600000,0x00000007de600000,0x00000007de600000)
  from space 5120K, 99% used [0x00000007de600000,0x00000007deafe570,0x00000007deb00000)
  to   space 7168K, 0% used [0x00000007e6d00000,0x00000007e6d00000,0x00000007e7400000)
 ParOldGen       total 84992K, used 2950K [0x0000000783200000, 0x0000000788500000, 0x00000007d6600000)
  object space 84992K, 3% used [0x0000000783200000,0x00000007834e1b10,0x0000000788500000)
 PSPermGen       total 21504K, used 16549K [0x0000000778c00000, 0x000000077a100000, 0x0000000783200000)
  object space 21504K, 76% used [0x0000000778c00000,0x0000000779c29510,0x000000077a100000)
Event: 2.851 GC heap after
Heap after GC invocations=6 (full 0):
 PSYoungGen      total 268288K, used 7145K [0x00000007d6600000, 0x00000007e7600000, 0x0000000800000000)
  eden space 261120K, 0% used [0x00000007d6600000,0x00000007d6600000,0x00000007e6500000)
  from space 7168K, 99% used [0x00000007e6d00000,0x00000007e73fa540,0x00000007e7400000)
  to   space 8192K, 0% used [0x00000007e6500000,0x00000007e6500000,0x00000007e6d00000)
 ParOldGen       total 84992K, used 3336K [0x0000000783200000, 0x0000000788500000, 0x00000007d6600000)
  object space 84992K, 3% used [0x0000000783200000,0x0000000783542308,0x0000000788500000)
 PSPermGen       total 21504K, used 16549K [0x0000000778c00000, 0x000000077a100000, 0x0000000783200000)
  object space 21504K, 76% used [0x0000000778c00000,0x0000000779c29510,0x000000077a100000)
}
Event: 3.077 GC heap before
{Heap before GC invocations=7 (full 0):
 PSYoungGen      total 268288K, used 268265K [0x00000007d6600000, 0x00000007e7600000, 0x0000000800000000)
  eden space 261120K, 100% used [0x00000007d6600000,0x00000007e6500000,0x00000007e6500000)
  from space 7168K, 99% used [0x00000007e6d00000,0x00000007e73fa540,0x00000007e7400000)
  to   space 8192K, 0% used [0x00000007e6500000,0x00000007e6500000,0x00000007e6d00000)
 ParOldGen       total 84992K, used 3336K [0x0000000783200000, 0x0000000788500000, 0x00000007d6600000)
  object space 84992K, 3% used [0x0000000783200000,0x0000000783542308,0x0000000788500000)
 PSPermGen       total 21504K, used 17183K [0x0000000778c00000, 0x000000077a100000, 0x0000000783200000)
  object space 21504K, 79% used [0x0000000778c00000,0x0000000779cc7e00,0x000000077a100000)

