# JRE version: OpenJDK Runtime Environment (7.0_51-b31) (build 1.7.0_51-b31)
# Java VM: OpenJDK 64-Bit Server VM (24.51-b03 mixed mode linux-amd64 compressed oops)
Heap
 PSYoungGen      total 270336K, used 6048K [0x00000007d6600000, 0x00000007e7600000, 0x0000000800000000)
  eden space 262144K, 0% used [0x00000007d6600000,0x00000007d6600000,0x00000007e6600000)
  from space 8192K, 73% used [0x00000007e6600000,0x00000007e6be8020,0x00000007e6e00000)
  to   space 7680K, 0% used [0x00000007e6e80000,0x00000007e6e80000,0x00000007e7600000)
 ParOldGen       total 84992K, used 10953K [0x0000000783200000, 0x0000000788500000, 0x00000007d6600000)
  object space 84992K, 12% used [0x0000000783200000,0x0000000783cb26a0,0x0000000788500000)
 PSPermGen       total 25600K, used 25445K [0x0000000778c00000, 0x000000077a500000, 0x0000000783200000)
  object space 25600K, 99% used [0x0000000778c00000,0x000000077a4d97e8,0x000000077a500000)
GC Heap History (10 events):
Event: 1.401 GC heap after
Heap after GC invocations=2 (full 0):
 PSYoungGen      total 70656K, used 5104K [0x00000007d6600000, 0x00000007db000000, 0x0000000800000000)
  eden space 65536K, 0% used [0x00000007d6600000,0x00000007d6600000,0x00000007da600000)
  from space 5120K, 99% used [0x00000007dab00000,0x00000007daffc010,0x00000007db000000)
  to   space 5120K, 0% used [0x00000007da600000,0x00000007da600000,0x00000007dab00000)
 ParOldGen       total 84992K, used 664K [0x0000000783200000, 0x0000000788500000, 0x00000007d6600000)
  object space 84992K, 0% used [0x0000000783200000,0x00000007832a6218,0x0000000788500000)
 PSPermGen       total 21504K, used 17101K [0x0000000778c00000, 0x000000077a100000, 0x0000000783200000)
  object space 21504K, 79% used [0x0000000778c00000,0x0000000779cb36b8,0x000000077a100000)
}
Event: 2.115 GC heap before
{Heap before GC invocations=3 (full 0):
 PSYoungGen      total 70656K, used 70640K [0x00000007d6600000, 0x00000007db000000, 0x0000000800000000)
  eden space 65536K, 100% used [0x00000007d6600000,0x00000007da600000,0x00000007da600000)
  from space 5120K, 99% used [0x00000007dab00000,0x00000007daffc010,0x00000007db000000)
  to   space 5120K, 0% used [0x00000007da600000,0x00000007da600000,0x00000007dab00000)
 ParOldGen       total 84992K, used 664K [0x0000000783200000, 0x0000000788500000, 0x00000007d6600000)
  object space 84992K, 0% used [0x0000000783200000,0x00000007832a6218,0x0000000788500000)
 PSPermGen       total 23552K, used 23078K [0x0000000778c00000, 0x000000077a300000, 0x0000000783200000)
  object space 23552K, 97% used [0x0000000778c00000,0x000000077a289bc0,0x000000077a300000)
Event: 2.137 GC heap after
Heap after GC invocations=3 (full 0):
 PSYoungGen      total 70656K, used 5120K [0x00000007d6600000, 0x00000007df000000, 0x0000000800000000)
  eden space 65536K, 0% used [0x00000007d6600000,0x00000007d6600000,0x00000007da600000)
  from space 5120K, 100% used [0x00000007da600000,0x00000007dab00000,0x00000007dab00000)
  to   space 5120K, 0% used [0x00000007deb00000,0x00000007deb00000,0x00000007df000000)
 ParOldGen       total 84992K, used 3709K [0x0000000783200000, 0x0000000788500000, 0x00000007d6600000)
  object space 84992K, 4% used [0x0000000783200000,0x000000078359f6c0,0x0000000788500000)
 PSPermGen       total 23552K, used 23078K [0x0000000778c00000, 0x000000077a300000, 0x0000000783200000)
  object space 23552K, 97% used [0x0000000778c00000,0x000000077a289bc0,0x000000077a300000)
}
Event: 2.291 GC heap before
{Heap before GC invocations=4 (full 0):
 PSYoungGen      total 70656K, used 70656K [0x00000007d6600000, 0x00000007df000000, 0x0000000800000000)
  eden space 65536K, 100% used [0x00000007d6600000,0x00000007da600000,0x00000007da600000)
  from space 5120K, 100% used [0x00000007da600000,0x00000007dab00000,0x00000007dab00000)
  to   space 5120K, 0% used [0x00000007deb00000,0x00000007deb00000,0x00000007df000000)
 ParOldGen       total 84992K, used 3709K [0x0000000783200000, 0x0000000788500000, 0x00000007d6600000)
  object space 84992K, 4% used [0x0000000783200000,0x000000078359f6c0,0x0000000788500000)
 PSPermGen       total 23552K, used 23078K [0x0000000778c00000, 0x000000077a300000, 0x0000000783200000)
  object space 23552K, 97% used [0x0000000778c00000,0x000000077a289bc0,0x000000077a300000)
Event: 2.309 GC heap after
Heap after GC invocations=4 (full 0):
 PSYoungGen      total 136192K, used 5120K [0x00000007d6600000, 0x00000007df000000, 0x0000000800000000)
  eden space 131072K, 0% used [0x00000007d6600000,0x00000007d6600000,0x00000007de600000)
  from space 5120K, 100% used [0x00000007deb00000,0x00000007df000000,0x00000007df000000)
  to   space 5120K, 0% used [0x00000007de600000,0x00000007de600000,0x00000007deb00000)
 ParOldGen       total 84992K, used 4741K [0x0000000783200000, 0x0000000788500000, 0x00000007d6600000)
  object space 84992K, 5% used [0x0000000783200000,0x00000007836a16c0,0x0000000788500000)
 PSPermGen       total 23552K, used 23078K [0x0000000778c00000, 0x000000077a300000, 0x0000000783200000)
  object space 23552K, 97% used [0x0000000778c00000,0x000000077a289bc0,0x000000077a300000)
}
Event: 2.652 GC heap before
{Heap before GC invocations=5 (full 0):
 PSYoungGen      total 136192K, used 136192K [0x00000007d6600000, 0x00000007df000000, 0x0000000800000000)
  eden space 131072K, 100% used [0x00000007d6600000,0x00000007de600000,0x00000007de600000)
  from space 5120K, 100% used [0x00000007deb00000,0x00000007df000000,0x00000007df000000)
  to   space 5120K, 0% used [0x00000007de600000,0x00000007de600000,0x00000007deb00000)
 ParOldGen       total 84992K, used 4741K [0x0000000783200000, 0x0000000788500000, 0x00000007d6600000)
  object space 84992K, 5% used [0x0000000783200000,0x00000007836a16c0,0x0000000788500000)
 PSPermGen       total 23552K, used 23078K [0x0000000778c00000, 0x000000077a300000, 0x0000000783200000)
  object space 23552K, 97% used [0x0000000778c00000,0x000000077a289bc0,0x000000077a300000)
Event: 2.686 GC heap after
Heap after GC invocations=5 (full 0):
 PSYoungGen      total 136192K, used 5120K [0x00000007d6600000, 0x00000007e7700000, 0x0000000800000000)
  eden space 131072K, 0% used [0x00000007d6600000,0x00000007d6600000,0x00000007de600000)
  from space 5120K, 100% used [0x00000007de600000,0x00000007deb00000,0x00000007deb00000)
  to   space 8704K, 0% used [0x00000007e6e80000,0x00000007e6e80000,0x00000007e7700000)
 ParOldGen       total 84992K, used 6741K [0x0000000783200000, 0x0000000788500000, 0x00000007d6600000)
  object space 84992K, 7% used [0x0000000783200000,0x00000007838956c0,0x0000000788500000)
 PSPermGen       total 23552K, used 23078K [0x0000000778c00000, 0x000000077a300000, 0x0000000783200000)
  object space 23552K, 97% used [0x0000000778c00000,0x000000077a289bc0,0x000000077a300000)
}
Event: 2.999 GC heap before
{Heap before GC invocations=6 (full 0):
 PSYoungGen      total 136192K, used 136192K [0x00000007d6600000, 0x00000007e7700000, 0x0000000800000000)
  eden space 131072K, 100% used [0x00000007d6600000,0x00000007de600000,0x00000007de600000)
  from space 5120K, 100% used [0x00000007de600000,0x00000007deb00000,0x00000007deb00000)
  to   space 8704K, 0% used [0x00000007e6e80000,0x00000007e6e80000,0x00000007e7700000)
 ParOldGen       total 84992K, used 6741K [0x0000000783200000, 0x0000000788500000, 0x00000007d6600000)
  object space 84992K, 7% used [0x0000000783200000,0x00000007838956c0,0x0000000788500000)
 PSPermGen       total 25088K, used 24767K [0x0000000778c00000, 0x000000077a480000, 0x0000000783200000)
  object space 25088K, 98% used [0x0000000778c00000,0x000000077a42fc68,0x000000077a480000)
Event: 3.016 GC heap after
Heap after GC invocations=6 (full 0):
 PSYoungGen      total 269824K, used 6800K [0x00000007d6600000, 0x00000007e7600000, 0x0000000800000000)
  eden space 262144K, 0% used [0x00000007d6600000,0x00000007d6600000,0x00000007e6600000)
  from space 7680K, 88% used [0x00000007e6e80000,0x00000007e7524030,0x00000007e7600000)
  to   space 8192K, 0% used [0x00000007e6600000,0x00000007e6600000,0x00000007e6e00000)
 ParOldGen       total 84992K, used 6749K [0x0000000783200000, 0x0000000788500000, 0x00000007d6600000)
  object space 84992K, 7% used [0x0000000783200000,0x00000007838976c0,0x0000000788500000)
 PSPermGen       total 25088K, used 24767K [0x0000000778c00000, 0x000000077a480000, 0x0000000783200000)
  object space 25088K, 98% used [0x0000000778c00000,0x000000077a42fc68,0x000000077a480000)
}
Event: 3.331 GC heap before
{Heap before GC invocations=7 (full 0):
 PSYoungGen      total 269824K, used 268944K [0x00000007d6600000, 0x00000007e7600000, 0x0000000800000000)
  eden space 262144K, 100% used [0x00000007d6600000,0x00000007e6600000,0x00000007e6600000)
  from space 7680K, 88% used [0x00000007e6e80000,0x00000007e7524030,0x00000007e7600000)
  to   space 8192K, 0% used [0x00000007e6600000,0x00000007e6600000,0x00000007e6e00000)
 ParOldGen       total 84992K, used 6749K [0x0000000783200000, 0x0000000788500000, 0x00000007d6600000)
  object space 84992K, 7% used [0x0000000783200000,0x00000007838976c0,0x0000000788500000)
 PSPermGen       total 25600K, used 25445K [0x0000000778c00000, 0x000000077a500000, 0x0000000783200000)
  object space 25600K, 99% used [0x0000000778c00000,0x000000077a4d97e8,0x000000077a500000)

