# JRE version: OpenJDK Runtime Environment (7.0_75-b13) (build 1.7.0_75-b13)
# Java VM: OpenJDK 64-Bit Server VM (24.75-b04 mixed mode linux-amd64 compressed oops)
Heap
 PSYoungGen      total 269824K, used 8704K [0x00000007d6600000, 0x00000007e7700000, 0x0000000800000000)
  eden space 261120K, 0% used [0x00000007d6600000,0x00000007d6600000,0x00000007e6500000)
  from space 8704K, 100% used [0x00000007e6500000,0x00000007e6d80000,0x00000007e6d80000)
  to   space 7680K, 0% used [0x00000007e6d80000,0x00000007e6d80000,0x00000007e7500000)
 ParOldGen       total 84992K, used 6677K [0x0000000783200000, 0x0000000788500000, 0x00000007d6600000)
  object space 84992K, 7% used [0x0000000783200000,0x00000007838855f8,0x0000000788500000)
 PSPermGen       total 21504K, used 17368K [0x0000000778c00000, 0x000000077a100000, 0x0000000783200000)
  object space 21504K, 80% used [0x0000000778c00000,0x0000000779cf62a8,0x000000077a100000)
GC Heap History (10 events):
Event: 1.413 GC heap after
Heap after GC invocations=2 (full 0):
 PSYoungGen      total 70656K, used 4801K [0x00000007d6600000, 0x00000007db000000, 0x0000000800000000)
  eden space 65536K, 0% used [0x00000007d6600000,0x00000007d6600000,0x00000007da600000)
  from space 5120K, 93% used [0x00000007dab00000,0x00000007dafb0700,0x00000007db000000)
  to   space 5120K, 0% used [0x00000007da600000,0x00000007da600000,0x00000007dab00000)
 ParOldGen       total 84992K, used 108K [0x0000000783200000, 0x0000000788500000, 0x00000007d6600000)
  object space 84992K, 0% used [0x0000000783200000,0x000000078321b238,0x0000000788500000)
 PSPermGen       total 21504K, used 12646K [0x0000000778c00000, 0x000000077a100000, 0x0000000783200000)
  object space 21504K, 58% used [0x0000000778c00000,0x00000007798599f8,0x000000077a100000)
}
Event: 2.006 GC heap before
{Heap before GC invocations=3 (full 0):
 PSYoungGen      total 70656K, used 70337K [0x00000007d6600000, 0x00000007db000000, 0x0000000800000000)
  eden space 65536K, 100% used [0x00000007d6600000,0x00000007da600000,0x00000007da600000)
  from space 5120K, 93% used [0x00000007dab00000,0x00000007dafb0700,0x00000007db000000)
  to   space 5120K, 0% used [0x00000007da600000,0x00000007da600000,0x00000007dab00000)
 ParOldGen       total 84992K, used 108K [0x0000000783200000, 0x0000000788500000, 0x00000007d6600000)
  object space 84992K, 0% used [0x0000000783200000,0x000000078321b238,0x0000000788500000)
 PSPermGen       total 21504K, used 14574K [0x0000000778c00000, 0x000000077a100000, 0x0000000783200000)
  object space 21504K, 67% used [0x0000000778c00000,0x0000000779a3baf0,0x000000077a100000)
Event: 2.021 GC heap after
Heap after GC invocations=3 (full 0):
 PSYoungGen      total 70656K, used 5091K [0x00000007d6600000, 0x00000007df000000, 0x0000000800000000)
  eden space 65536K, 0% used [0x00000007d6600000,0x00000007d6600000,0x00000007da600000)
  from space 5120K, 99% used [0x00000007da600000,0x00000007daaf8e10,0x00000007dab00000)
  to   space 5120K, 0% used [0x00000007deb00000,0x00000007deb00000,0x00000007df000000)
 ParOldGen       total 84992K, used 227K [0x0000000783200000, 0x0000000788500000, 0x00000007d6600000)
  object space 84992K, 0% used [0x0000000783200000,0x0000000783238f40,0x0000000788500000)
 PSPermGen       total 21504K, used 14574K [0x0000000778c00000, 0x000000077a100000, 0x0000000783200000)
  object space 21504K, 67% used [0x0000000778c00000,0x0000000779a3baf0,0x000000077a100000)
}
Event: 2.478 GC heap before
{Heap before GC invocations=4 (full 0):
 PSYoungGen      total 70656K, used 70627K [0x00000007d6600000, 0x00000007df000000, 0x0000000800000000)
  eden space 65536K, 100% used [0x00000007d6600000,0x00000007da600000,0x00000007da600000)
  from space 5120K, 99% used [0x00000007da600000,0x00000007daaf8e10,0x00000007dab00000)
  to   space 5120K, 0% used [0x00000007deb00000,0x00000007deb00000,0x00000007df000000)
 ParOldGen       total 84992K, used 227K [0x0000000783200000, 0x0000000788500000, 0x00000007d6600000)
  object space 84992K, 0% used [0x0000000783200000,0x0000000783238f40,0x0000000788500000)
 PSPermGen       total 21504K, used 16712K [0x0000000778c00000, 0x000000077a100000, 0x0000000783200000)
  object space 21504K, 77% used [0x0000000778c00000,0x0000000779c523c8,0x000000077a100000)
Event: 2.504 GC heap after
Heap after GC invocations=4 (full 0):
 PSYoungGen      total 136192K, used 5120K [0x00000007d6600000, 0x00000007df000000, 0x0000000800000000)
  eden space 131072K, 0% used [0x00000007d6600000,0x00000007d6600000,0x00000007de600000)
  from space 5120K, 100% used [0x00000007deb00000,0x00000007df000000,0x00000007df000000)
  to   space 5120K, 0% used [0x00000007de600000,0x00000007de600000,0x00000007deb00000)
 ParOldGen       total 84992K, used 1650K [0x0000000783200000, 0x0000000788500000, 0x00000007d6600000)
  object space 84992K, 1% used [0x0000000783200000,0x000000078339ca40,0x0000000788500000)
 PSPermGen       total 21504K, used 16712K [0x0000000778c00000, 0x000000077a100000, 0x0000000783200000)
  object space 21504K, 77% used [0x0000000778c00000,0x0000000779c523c8,0x000000077a100000)
}
Event: 2.684 GC heap before
{Heap before GC invocations=5 (full 0):
 PSYoungGen      total 136192K, used 136192K [0x00000007d6600000, 0x00000007df000000, 0x0000000800000000)
  eden space 131072K, 100% used [0x00000007d6600000,0x00000007de600000,0x00000007de600000)
  from space 5120K, 100% used [0x00000007deb00000,0x00000007df000000,0x00000007df000000)
  to   space 5120K, 0% used [0x00000007de600000,0x00000007de600000,0x00000007deb00000)
 ParOldGen       total 84992K, used 1650K [0x0000000783200000, 0x0000000788500000, 0x00000007d6600000)
  object space 84992K, 1% used [0x0000000783200000,0x000000078339ca40,0x0000000788500000)
 PSPermGen       total 21504K, used 17227K [0x0000000778c00000, 0x000000077a100000, 0x0000000783200000)
  object space 21504K, 80% used [0x0000000778c00000,0x0000000779cd2da0,0x000000077a100000)
Event: 2.700 GC heap after
Heap after GC invocations=5 (full 0):
 PSYoungGen      total 136192K, used 5088K [0x00000007d6600000, 0x00000007e7500000, 0x0000000800000000)
  eden space 131072K, 0% used [0x00000007d6600000,0x00000007d6600000,0x00000007de600000)
  from space 5120K, 99% used [0x00000007de600000,0x00000007deaf8020,0x00000007deb00000)
  to   space 7680K, 0% used [0x00000007e6d80000,0x00000007e6d80000,0x00000007e7500000)
 ParOldGen       total 84992K, used 3816K [0x0000000783200000, 0x0000000788500000, 0x00000007d6600000)
  object space 84992K, 4% used [0x0000000783200000,0x00000007835ba0b8,0x0000000788500000)
 PSPermGen       total 21504K, used 17227K [0x0000000778c00000, 0x000000077a100000, 0x0000000783200000)
  object space 21504K, 80% used [0x0000000778c00000,0x0000000779cd2da0,0x000000077a100000)
}
Event: 2.803 GC heap before
{Heap before GC invocations=6 (full 0):
 PSYoungGen      total 136192K, used 136160K [0x00000007d6600000, 0x00000007e7500000, 0x0000000800000000)
  eden space 131072K, 100% used [0x00000007d6600000,0x00000007de600000,0x00000007de600000)
  from space 5120K, 99% used [0x00000007de600000,0x00000007deaf8020,0x00000007deb00000)
  to   space 7680K, 0% used [0x00000007e6d80000,0x00000007e6d80000,0x00000007e7500000)
 ParOldGen       total 84992K, used 3816K [0x0000000783200000, 0x0000000788500000, 0x00000007d6600000)
  object space 84992K, 4% used [0x0000000783200000,0x00000007835ba0b8,0x0000000788500000)
 PSPermGen       total 21504K, used 17345K [0x0000000778c00000, 0x000000077a100000, 0x0000000783200000)
  object space 21504K, 80% used [0x0000000778c00000,0x0000000779cf0408,0x000000077a100000)
Event: 2.822 GC heap after
Heap after GC invocations=6 (full 0):
 PSYoungGen      total 268800K, used 7621K [0x00000007d6600000, 0x00000007e7700000, 0x0000000800000000)
  eden space 261120K, 0% used [0x00000007d6600000,0x00000007d6600000,0x00000007e6500000)
  from space 7680K, 99% used [0x00000007e6d80000,0x00000007e74f1738,0x00000007e7500000)
  to   space 8704K, 0% used [0x00000007e6500000,0x00000007e6500000,0x00000007e6d80000)
 ParOldGen       total 84992K, used 3816K [0x0000000783200000, 0x0000000788500000, 0x00000007d6600000)
  object space 84992K, 4% used [0x0000000783200000,0x00000007835ba0b8,0x0000000788500000)
 PSPermGen       total 21504K, used 17345K [0x0000000778c00000, 0x000000077a100000, 0x0000000783200000)
  object space 21504K, 80% used [0x0000000778c00000,0x0000000779cf0408,0x000000077a100000)
}
Event: 3.108 GC heap before
{Heap before GC invocations=7 (full 0):
 PSYoungGen      total 268800K, used 268741K [0x00000007d6600000, 0x00000007e7700000, 0x0000000800000000)
  eden space 261120K, 100% used [0x00000007d6600000,0x00000007e6500000,0x00000007e6500000)
  from space 7680K, 99% used [0x00000007e6d80000,0x00000007e74f1738,0x00000007e7500000)
  to   space 8704K, 0% used [0x00000007e6500000,0x00000007e6500000,0x00000007e6d80000)
 ParOldGen       total 84992K, used 3816K [0x0000000783200000, 0x0000000788500000, 0x00000007d6600000)
  object space 84992K, 4% used [0x0000000783200000,0x00000007835ba0b8,0x0000000788500000)
 PSPermGen       total 21504K, used 17368K [0x0000000778c00000, 0x000000077a100000, 0x0000000783200000)
  object space 21504K, 80% used [0x0000000778c00000,0x0000000779cf62a8,0x000000077a100000)

