# JRE version: OpenJDK Runtime Environment (7.0_51-b31) (build 1.7.0_51-b31)
# Java VM: OpenJDK 64-Bit Server VM (24.51-b03 mixed mode linux-amd64 compressed oops)
Heap
 PSYoungGen      total 269824K, used 9200K [0x00000007d6600000, 0x00000007e7800000, 0x0000000800000000)
  eden space 260608K, 0% used [0x00000007d6600000,0x00000007d6600000,0x00000007e6480000)
  from space 9216K, 99% used [0x00000007e6480000,0x00000007e6d7c010,0x00000007e6d80000)
  to   space 7680K, 0% used [0x00000007e6d80000,0x00000007e6d80000,0x00000007e7500000)
 ParOldGen       total 84992K, used 8847K [0x0000000783200000, 0x0000000788500000, 0x00000007d6600000)
  object space 84992K, 10% used [0x0000000783200000,0x0000000783aa3e38,0x0000000788500000)
 PSPermGen       total 21504K, used 17225K [0x0000000778c00000, 0x000000077a100000, 0x0000000783200000)
  object space 21504K, 80% used [0x0000000778c00000,0x0000000779cd2658,0x000000077a100000)
GC Heap History (10 events):
Event: 2.283 GC heap after
Heap after GC invocations=2 (full 0):
 PSYoungGen      total 70656K, used 4790K [0x00000007d6600000, 0x00000007db000000, 0x0000000800000000)
  eden space 65536K, 0% used [0x00000007d6600000,0x00000007d6600000,0x00000007da600000)
  from space 5120K, 93% used [0x00000007dab00000,0x00000007dafad8e8,0x00000007db000000)
  to   space 5120K, 0% used [0x00000007da600000,0x00000007da600000,0x00000007dab00000)
 ParOldGen       total 84992K, used 238K [0x0000000783200000, 0x0000000788500000, 0x00000007d6600000)
  object space 84992K, 0% used [0x0000000783200000,0x000000078323b980,0x0000000788500000)
 PSPermGen       total 21504K, used 12526K [0x0000000778c00000, 0x000000077a100000, 0x0000000783200000)
  object space 21504K, 58% used [0x0000000778c00000,0x000000077983b968,0x000000077a100000)
}
Event: 2.883 GC heap before
{Heap before GC invocations=3 (full 0):
 PSYoungGen      total 70656K, used 70326K [0x00000007d6600000, 0x00000007db000000, 0x0000000800000000)
  eden space 65536K, 100% used [0x00000007d6600000,0x00000007da600000,0x00000007da600000)
  from space 5120K, 93% used [0x00000007dab00000,0x00000007dafad8e8,0x00000007db000000)
  to   space 5120K, 0% used [0x00000007da600000,0x00000007da600000,0x00000007dab00000)
 ParOldGen       total 84992K, used 238K [0x0000000783200000, 0x0000000788500000, 0x00000007d6600000)
  object space 84992K, 0% used [0x0000000783200000,0x000000078323b980,0x0000000788500000)
 PSPermGen       total 21504K, used 14515K [0x0000000778c00000, 0x000000077a100000, 0x0000000783200000)
  object space 21504K, 67% used [0x0000000778c00000,0x0000000779a2ce78,0x000000077a100000)
Event: 2.898 GC heap after
Heap after GC invocations=3 (full 0):
 PSYoungGen      total 70656K, used 5107K [0x00000007d6600000, 0x00000007df000000, 0x0000000800000000)
  eden space 65536K, 0% used [0x00000007d6600000,0x00000007d6600000,0x00000007da600000)
  from space 5120K, 99% used [0x00000007da600000,0x00000007daafcde0,0x00000007dab00000)
  to   space 5120K, 0% used [0x00000007deb00000,0x00000007deb00000,0x00000007df000000)
 ParOldGen       total 84992K, used 399K [0x0000000783200000, 0x0000000788500000, 0x00000007d6600000)
  object space 84992K, 0% used [0x0000000783200000,0x0000000783263d78,0x0000000788500000)
 PSPermGen       total 21504K, used 14515K [0x0000000778c00000, 0x000000077a100000, 0x0000000783200000)
  object space 21504K, 67% used [0x0000000778c00000,0x0000000779a2ce78,0x000000077a100000)
}
Event: 3.130 GC heap before
{Heap before GC invocations=4 (full 0):
 PSYoungGen      total 70656K, used 70643K [0x00000007d6600000, 0x00000007df000000, 0x0000000800000000)
  eden space 65536K, 100% used [0x00000007d6600000,0x00000007da600000,0x00000007da600000)
  from space 5120K, 99% used [0x00000007da600000,0x00000007daafcde0,0x00000007dab00000)
  to   space 5120K, 0% used [0x00000007deb00000,0x00000007deb00000,0x00000007df000000)
 ParOldGen       total 84992K, used 399K [0x0000000783200000, 0x0000000788500000, 0x00000007d6600000)
  object space 84992K, 0% used [0x0000000783200000,0x0000000783263d78,0x0000000788500000)
 PSPermGen       total 21504K, used 15380K [0x0000000778c00000, 0x000000077a100000, 0x0000000783200000)
  object space 21504K, 71% used [0x0000000778c00000,0x0000000779b052e8,0x000000077a100000)
Event: 3.144 GC heap after
Heap after GC invocations=4 (full 0):
 PSYoungGen      total 136192K, used 5088K [0x00000007d6600000, 0x00000007df000000, 0x0000000800000000)
  eden space 131072K, 0% used [0x00000007d6600000,0x00000007d6600000,0x00000007de600000)
  from space 5120K, 99% used [0x00000007deb00000,0x00000007deff8020,0x00000007df000000)
  to   space 5120K, 0% used [0x00000007de600000,0x00000007de600000,0x00000007deb00000)
 ParOldGen       total 84992K, used 699K [0x0000000783200000, 0x0000000788500000, 0x00000007d6600000)
  object space 84992K, 0% used [0x0000000783200000,0x00000007832aeeb0,0x0000000788500000)
 PSPermGen       total 21504K, used 15380K [0x0000000778c00000, 0x000000077a100000, 0x0000000783200000)
  object space 21504K, 71% used [0x0000000778c00000,0x0000000779b052e8,0x000000077a100000)
}
Event: 3.410 GC heap before
{Heap before GC invocations=5 (full 0):
 PSYoungGen      total 136192K, used 136160K [0x00000007d6600000, 0x00000007df000000, 0x0000000800000000)
  eden space 131072K, 100% used [0x00000007d6600000,0x00000007de600000,0x00000007de600000)
  from space 5120K, 99% used [0x00000007deb00000,0x00000007deff8020,0x00000007df000000)
  to   space 5120K, 0% used [0x00000007de600000,0x00000007de600000,0x00000007deb00000)
 ParOldGen       total 84992K, used 699K [0x0000000783200000, 0x0000000788500000, 0x00000007d6600000)
  object space 84992K, 0% used [0x0000000783200000,0x00000007832aeeb0,0x0000000788500000)
 PSPermGen       total 21504K, used 16219K [0x0000000778c00000, 0x000000077a100000, 0x0000000783200000)
  object space 21504K, 75% used [0x0000000778c00000,0x0000000779bd6c40,0x000000077a100000)
Event: 3.466 GC heap after
Heap after GC invocations=5 (full 0):
 PSYoungGen      total 136192K, used 5104K [0x00000007d6600000, 0x00000007e7500000, 0x0000000800000000)
  eden space 131072K, 0% used [0x00000007d6600000,0x00000007d6600000,0x00000007de600000)
  from space 5120K, 99% used [0x00000007de600000,0x00000007deafc010,0x00000007deb00000)
  to   space 7680K, 0% used [0x00000007e6d80000,0x00000007e6d80000,0x00000007e7500000)
 ParOldGen       total 84992K, used 3316K [0x0000000783200000, 0x0000000788500000, 0x00000007d6600000)
  object space 84992K, 3% used [0x0000000783200000,0x000000078353d1b0,0x0000000788500000)
 PSPermGen       total 21504K, used 16219K [0x0000000778c00000, 0x000000077a100000, 0x0000000783200000)
  object space 21504K, 75% used [0x0000000778c00000,0x0000000779bd6c40,0x000000077a100000)
}
Event: 3.643 GC heap before
{Heap before GC invocations=6 (full 0):
 PSYoungGen      total 136192K, used 136176K [0x00000007d6600000, 0x00000007e7500000, 0x0000000800000000)
  eden space 131072K, 100% used [0x00000007d6600000,0x00000007de600000,0x00000007de600000)
  from space 5120K, 99% used [0x00000007de600000,0x00000007deafc010,0x00000007deb00000)
  to   space 7680K, 0% used [0x00000007e6d80000,0x00000007e6d80000,0x00000007e7500000)
 ParOldGen       total 84992K, used 3316K [0x0000000783200000, 0x0000000788500000, 0x00000007d6600000)
  object space 84992K, 3% used [0x0000000783200000,0x000000078353d1b0,0x0000000788500000)
 PSPermGen       total 21504K, used 16917K [0x0000000778c00000, 0x000000077a100000, 0x0000000783200000)
  object space 21504K, 78% used [0x0000000778c00000,0x0000000779c857c8,0x000000077a100000)
Event: 3.688 GC heap after
Heap after GC invocations=6 (full 0):
 PSYoungGen      total 268288K, used 7648K [0x00000007d6600000, 0x00000007e7800000, 0x0000000800000000)
  eden space 260608K, 0% used [0x00000007d6600000,0x00000007d6600000,0x00000007e6480000)
  from space 7680K, 99% used [0x00000007e6d80000,0x00000007e74f8020,0x00000007e7500000)
  to   space 9216K, 0% used [0x00000007e6480000,0x00000007e6480000,0x00000007e6d80000)
 ParOldGen       total 84992K, used 4492K [0x0000000783200000, 0x0000000788500000, 0x00000007d6600000)
  object space 84992K, 5% used [0x0000000783200000,0x00000007836632c8,0x0000000788500000)
 PSPermGen       total 21504K, used 16917K [0x0000000778c00000, 0x000000077a100000, 0x0000000783200000)
  object space 21504K, 78% used [0x0000000778c00000,0x0000000779c857c8,0x000000077a100000)
}
Event: 4.030 GC heap before
{Heap before GC invocations=7 (full 0):
 PSYoungGen      total 268288K, used 268256K [0x00000007d6600000, 0x00000007e7800000, 0x0000000800000000)
  eden space 260608K, 100% used [0x00000007d6600000,0x00000007e6480000,0x00000007e6480000)
  from space 7680K, 99% used [0x00000007e6d80000,0x00000007e74f8020,0x00000007e7500000)
  to   space 9216K, 0% used [0x00000007e6480000,0x00000007e6480000,0x00000007e6d80000)
 ParOldGen       total 84992K, used 4492K [0x0000000783200000, 0x0000000788500000, 0x00000007d6600000)
  object space 84992K, 5% used [0x0000000783200000,0x00000007836632c8,0x0000000788500000)
 PSPermGen       total 21504K, used 17225K [0x0000000778c00000, 0x000000077a100000, 0x0000000783200000)
  object space 21504K, 80% used [0x0000000778c00000,0x0000000779cd2658,0x000000077a100000)

