# JRE version: OpenJDK Runtime Environment (7.0_51-b31) (build 1.7.0_51-b31)
# Java VM: OpenJDK 64-Bit Server VM (24.51-b03 mixed mode linux-amd64 compressed oops)
Heap
 PSYoungGen      total 269312K, used 7168K [0x00000007d6600000, 0x00000007e7500000, 0x0000000800000000)
  eden space 261632K, 0% used [0x00000007d6600000,0x00000007d6600000,0x00000007e6580000)
  from space 7680K, 93% used [0x00000007e6580000,0x00000007e6c80000,0x00000007e6d00000)
  to   space 7168K, 0% used [0x00000007e6d00000,0x00000007e6d00000,0x00000007e7400000)
 ParOldGen       total 84992K, used 5090K [0x0000000783200000, 0x0000000788500000, 0x00000007d6600000)
  object space 84992K, 5% used [0x0000000783200000,0x00000007836f8a88,0x0000000788500000)
 PSPermGen       total 21504K, used 15413K [0x0000000778c00000, 0x000000077a100000, 0x0000000783200000)
  object space 21504K, 71% used [0x0000000778c00000,0x0000000779b0d680,0x000000077a100000)
GC Heap History (10 events):
Event: 1.452 GC heap after
Heap after GC invocations=2 (full 0):
 PSYoungGen      total 70656K, used 4822K [0x00000007d6600000, 0x00000007db000000, 0x0000000800000000)
  eden space 65536K, 0% used [0x00000007d6600000,0x00000007d6600000,0x00000007da600000)
  from space 5120K, 94% used [0x00000007dab00000,0x00000007dafb58c8,0x00000007db000000)
  to   space 5120K, 0% used [0x00000007da600000,0x00000007da600000,0x00000007dab00000)
 ParOldGen       total 84992K, used 206K [0x0000000783200000, 0x0000000788500000, 0x00000007d6600000)
  object space 84992K, 0% used [0x0000000783200000,0x00000007832339e0,0x0000000788500000)
 PSPermGen       total 21504K, used 12602K [0x0000000778c00000, 0x000000077a100000, 0x0000000783200000)
  object space 21504K, 58% used [0x0000000778c00000,0x000000077984e9e8,0x000000077a100000)
}
Event: 2.073 GC heap before
{Heap before GC invocations=3 (full 0):
 PSYoungGen      total 70656K, used 70358K [0x00000007d6600000, 0x00000007db000000, 0x0000000800000000)
  eden space 65536K, 100% used [0x00000007d6600000,0x00000007da600000,0x00000007da600000)
  from space 5120K, 94% used [0x00000007dab00000,0x00000007dafb58c8,0x00000007db000000)
  to   space 5120K, 0% used [0x00000007da600000,0x00000007da600000,0x00000007dab00000)
 ParOldGen       total 84992K, used 206K [0x0000000783200000, 0x0000000788500000, 0x00000007d6600000)
  object space 84992K, 0% used [0x0000000783200000,0x00000007832339e0,0x0000000788500000)
 PSPermGen       total 21504K, used 14562K [0x0000000778c00000, 0x000000077a100000, 0x0000000783200000)
  object space 21504K, 67% used [0x0000000778c00000,0x0000000779a38a70,0x000000077a100000)
Event: 2.090 GC heap after
Heap after GC invocations=3 (full 0):
 PSYoungGen      total 70656K, used 5106K [0x00000007d6600000, 0x00000007df000000, 0x0000000800000000)
  eden space 65536K, 0% used [0x00000007d6600000,0x00000007d6600000,0x00000007da600000)
  from space 5120K, 99% used [0x00000007da600000,0x00000007daafc8f0,0x00000007dab00000)
  to   space 5120K, 0% used [0x00000007deb00000,0x00000007deb00000,0x00000007df000000)
 ParOldGen       total 84992K, used 372K [0x0000000783200000, 0x0000000788500000, 0x00000007d6600000)
  object space 84992K, 0% used [0x0000000783200000,0x000000078325d360,0x0000000788500000)
 PSPermGen       total 21504K, used 14562K [0x0000000778c00000, 0x000000077a100000, 0x0000000783200000)
  object space 21504K, 67% used [0x0000000778c00000,0x0000000779a38a70,0x000000077a100000)
}
Event: 2.313 GC heap before
{Heap before GC invocations=4 (full 0):
 PSYoungGen      total 70656K, used 70642K [0x00000007d6600000, 0x00000007df000000, 0x0000000800000000)
  eden space 65536K, 100% used [0x00000007d6600000,0x00000007da600000,0x00000007da600000)
  from space 5120K, 99% used [0x00000007da600000,0x00000007daafc8f0,0x00000007dab00000)
  to   space 5120K, 0% used [0x00000007deb00000,0x00000007deb00000,0x00000007df000000)
 ParOldGen       total 84992K, used 372K [0x0000000783200000, 0x0000000788500000, 0x00000007d6600000)
  object space 84992K, 0% used [0x0000000783200000,0x000000078325d360,0x0000000788500000)
 PSPermGen       total 21504K, used 15411K [0x0000000778c00000, 0x000000077a100000, 0x0000000783200000)
  object space 21504K, 71% used [0x0000000778c00000,0x0000000779b0ccb8,0x000000077a100000)
Event: 2.342 GC heap after
Heap after GC invocations=4 (full 0):
 PSYoungGen      total 136192K, used 5091K [0x00000007d6600000, 0x00000007df000000, 0x0000000800000000)
  eden space 131072K, 0% used [0x00000007d6600000,0x00000007d6600000,0x00000007de600000)
  from space 5120K, 99% used [0x00000007deb00000,0x00000007deff8df0,0x00000007df000000)
  to   space 5120K, 0% used [0x00000007de600000,0x00000007de600000,0x00000007deb00000)
 ParOldGen       total 84992K, used 571K [0x0000000783200000, 0x0000000788500000, 0x00000007d6600000)
  object space 84992K, 0% used [0x0000000783200000,0x000000078328ef88,0x0000000788500000)
 PSPermGen       total 21504K, used 15411K [0x0000000778c00000, 0x000000077a100000, 0x0000000783200000)
  object space 21504K, 71% used [0x0000000778c00000,0x0000000779b0ccb8,0x000000077a100000)
}
Event: 2.486 GC heap before
{Heap before GC invocations=5 (full 0):
 PSYoungGen      total 136192K, used 136163K [0x00000007d6600000, 0x00000007df000000, 0x0000000800000000)
  eden space 131072K, 100% used [0x00000007d6600000,0x00000007de600000,0x00000007de600000)
  from space 5120K, 99% used [0x00000007deb00000,0x00000007deff8df0,0x00000007df000000)
  to   space 5120K, 0% used [0x00000007de600000,0x00000007de600000,0x00000007deb00000)
 ParOldGen       total 84992K, used 571K [0x0000000783200000, 0x0000000788500000, 0x00000007d6600000)
  object space 84992K, 0% used [0x0000000783200000,0x000000078328ef88,0x0000000788500000)
 PSPermGen       total 21504K, used 15411K [0x0000000778c00000, 0x000000077a100000, 0x0000000783200000)
  object space 21504K, 71% used [0x0000000778c00000,0x0000000779b0ccb8,0x000000077a100000)
Event: 2.505 GC heap after
Heap after GC invocations=5 (full 0):
 PSYoungGen      total 136192K, used 5107K [0x00000007d6600000, 0x00000007e7400000, 0x0000000800000000)
  eden space 131072K, 0% used [0x00000007d6600000,0x00000007d6600000,0x00000007de600000)
  from space 5120K, 99% used [0x00000007de600000,0x00000007deafce00,0x00000007deb00000)
  to   space 7168K, 0% used [0x00000007e6d00000,0x00000007e6d00000,0x00000007e7400000)
 ParOldGen       total 84992K, used 2386K [0x0000000783200000, 0x0000000788500000, 0x00000007d6600000)
  object space 84992K, 2% used [0x0000000783200000,0x0000000783454a68,0x0000000788500000)
 PSPermGen       total 21504K, used 15411K [0x0000000778c00000, 0x000000077a100000, 0x0000000783200000)
  object space 21504K, 71% used [0x0000000778c00000,0x0000000779b0ccb8,0x000000077a100000)
}
Event: 2.600 GC heap before
{Heap before GC invocations=6 (full 0):
 PSYoungGen      total 136192K, used 136179K [0x00000007d6600000, 0x00000007e7400000, 0x0000000800000000)
  eden space 131072K, 100% used [0x00000007d6600000,0x00000007de600000,0x00000007de600000)
  from space 5120K, 99% used [0x00000007de600000,0x00000007deafce00,0x00000007deb00000)
  to   space 7168K, 0% used [0x00000007e6d00000,0x00000007e6d00000,0x00000007e7400000)
 ParOldGen       total 84992K, used 2386K [0x0000000783200000, 0x0000000788500000, 0x00000007d6600000)
  object space 84992K, 2% used [0x0000000783200000,0x0000000783454a68,0x0000000788500000)
 PSPermGen       total 21504K, used 15411K [0x0000000778c00000, 0x000000077a100000, 0x0000000783200000)
  object space 21504K, 71% used [0x0000000778c00000,0x0000000779b0ccb8,0x000000077a100000)
Event: 2.614 GC heap after
Heap after GC invocations=6 (full 0):
 PSYoungGen      total 268800K, used 6819K [0x00000007d6600000, 0x00000007e7500000, 0x0000000800000000)
  eden space 261632K, 0% used [0x00000007d6600000,0x00000007d6600000,0x00000007e6580000)
  from space 7168K, 95% used [0x00000007e6d00000,0x00000007e73a8dd0,0x00000007e7400000)
  to   space 7680K, 0% used [0x00000007e6580000,0x00000007e6580000,0x00000007e6d00000)
 ParOldGen       total 84992K, used 2386K [0x0000000783200000, 0x0000000788500000, 0x00000007d6600000)
  object space 84992K, 2% used [0x0000000783200000,0x0000000783454a68,0x0000000788500000)
 PSPermGen       total 21504K, used 15411K [0x0000000778c00000, 0x000000077a100000, 0x0000000783200000)
  object space 21504K, 71% used [0x0000000778c00000,0x0000000779b0ccb8,0x000000077a100000)
}
Event: 2.831 GC heap before
{Heap before GC invocations=7 (full 0):
 PSYoungGen      total 268800K, used 268451K [0x00000007d6600000, 0x00000007e7500000, 0x0000000800000000)
  eden space 261632K, 100% used [0x00000007d6600000,0x00000007e6580000,0x00000007e6580000)
  from space 7168K, 95% used [0x00000007e6d00000,0x00000007e73a8dd0,0x00000007e7400000)
  to   space 7680K, 0% used [0x00000007e6580000,0x00000007e6580000,0x00000007e6d00000)
 ParOldGen       total 84992K, used 2386K [0x0000000783200000, 0x0000000788500000, 0x00000007d6600000)
  object space 84992K, 2% used [0x0000000783200000,0x0000000783454a68,0x0000000788500000)
 PSPermGen       total 21504K, used 15413K [0x0000000778c00000, 0x000000077a100000, 0x0000000783200000)
  object space 21504K, 71% used [0x0000000778c00000,0x0000000779b0d680,0x000000077a100000)

