# JRE version: OpenJDK Runtime Environment (7.0_51-b31) (build 1.7.0_51-b31)
# Java VM: OpenJDK 64-Bit Server VM (24.51-b03 mixed mode linux-amd64 compressed oops)
Heap
 PSYoungGen      total 268800K, used 7680K [0x00000007d6600000, 0x00000007e7500000, 0x0000000800000000)
  eden space 261120K, 0% used [0x00000007d6600000,0x00000007d6600000,0x00000007e6500000)
  from space 7680K, 100% used [0x00000007e6500000,0x00000007e6c80000,0x00000007e6c80000)
  to   space 6656K, 0% used [0x00000007e6c80000,0x00000007e6c80000,0x00000007e7300000)
 ParOldGen       total 84992K, used 7078K [0x0000000783200000, 0x0000000788500000, 0x00000007d6600000)
  object space 84992K, 8% used [0x0000000783200000,0x00000007838e9b80,0x0000000788500000)
 PSPermGen       total 21504K, used 15448K [0x0000000778c00000, 0x000000077a100000, 0x0000000783200000)
  object space 21504K, 71% used [0x0000000778c00000,0x0000000779b16198,0x000000077a100000)
GC Heap History (10 events):
Event: 1.390 GC heap after
Heap after GC invocations=2 (full 0):
 PSYoungGen      total 70656K, used 4822K [0x00000007d6600000, 0x00000007db000000, 0x0000000800000000)
  eden space 65536K, 0% used [0x00000007d6600000,0x00000007d6600000,0x00000007da600000)
  from space 5120K, 94% used [0x00000007dab00000,0x00000007dafb58c8,0x00000007db000000)
  to   space 5120K, 0% used [0x00000007da600000,0x00000007da600000,0x00000007dab00000)
 ParOldGen       total 84992K, used 271K [0x0000000783200000, 0x0000000788500000, 0x00000007d6600000)
  object space 84992K, 0% used [0x0000000783200000,0x0000000783243e80,0x0000000788500000)
 PSPermGen       total 21504K, used 12629K [0x0000000778c00000, 0x000000077a100000, 0x0000000783200000)
  object space 21504K, 58% used [0x0000000778c00000,0x00000007798556a0,0x000000077a100000)
}
Event: 2.140 GC heap before
{Heap before GC invocations=3 (full 0):
 PSYoungGen      total 70656K, used 70358K [0x00000007d6600000, 0x00000007db000000, 0x0000000800000000)
  eden space 65536K, 100% used [0x00000007d6600000,0x00000007da600000,0x00000007da600000)
  from space 5120K, 94% used [0x00000007dab00000,0x00000007dafb58c8,0x00000007db000000)
  to   space 5120K, 0% used [0x00000007da600000,0x00000007da600000,0x00000007dab00000)
 ParOldGen       total 84992K, used 271K [0x0000000783200000, 0x0000000788500000, 0x00000007d6600000)
  object space 84992K, 0% used [0x0000000783200000,0x0000000783243e80,0x0000000788500000)
 PSPermGen       total 21504K, used 14626K [0x0000000778c00000, 0x000000077a100000, 0x0000000783200000)
  object space 21504K, 68% used [0x0000000778c00000,0x0000000779a488b0,0x000000077a100000)
Event: 2.153 GC heap after
Heap after GC invocations=3 (full 0):
 PSYoungGen      total 70656K, used 5091K [0x00000007d6600000, 0x00000007df000000, 0x0000000800000000)
  eden space 65536K, 0% used [0x00000007d6600000,0x00000007d6600000,0x00000007da600000)
  from space 5120K, 99% used [0x00000007da600000,0x00000007daaf8dd0,0x00000007dab00000)
  to   space 5120K, 0% used [0x00000007deb00000,0x00000007deb00000,0x00000007df000000)
 ParOldGen       total 84992K, used 469K [0x0000000783200000, 0x0000000788500000, 0x00000007d6600000)
  object space 84992K, 0% used [0x0000000783200000,0x0000000783275760,0x0000000788500000)
 PSPermGen       total 21504K, used 14626K [0x0000000778c00000, 0x000000077a100000, 0x0000000783200000)
  object space 21504K, 68% used [0x0000000778c00000,0x0000000779a488b0,0x000000077a100000)
}
Event: 2.384 GC heap before
{Heap before GC invocations=4 (full 0):
 PSYoungGen      total 70656K, used 70627K [0x00000007d6600000, 0x00000007df000000, 0x0000000800000000)
  eden space 65536K, 100% used [0x00000007d6600000,0x00000007da600000,0x00000007da600000)
  from space 5120K, 99% used [0x00000007da600000,0x00000007daaf8dd0,0x00000007dab00000)
  to   space 5120K, 0% used [0x00000007deb00000,0x00000007deb00000,0x00000007df000000)
 ParOldGen       total 84992K, used 469K [0x0000000783200000, 0x0000000788500000, 0x00000007d6600000)
  object space 84992K, 0% used [0x0000000783200000,0x0000000783275760,0x0000000788500000)
 PSPermGen       total 21504K, used 15445K [0x0000000778c00000, 0x000000077a100000, 0x0000000783200000)
  object space 21504K, 71% used [0x0000000778c00000,0x0000000779b157d0,0x000000077a100000)
Event: 2.413 GC heap after
Heap after GC invocations=4 (full 0):
 PSYoungGen      total 136192K, used 5120K [0x00000007d6600000, 0x00000007df000000, 0x0000000800000000)
  eden space 131072K, 0% used [0x00000007d6600000,0x00000007d6600000,0x00000007de600000)
  from space 5120K, 100% used [0x00000007deb00000,0x00000007df000000,0x00000007df000000)
  to   space 5120K, 0% used [0x00000007de600000,0x00000007de600000,0x00000007deb00000)
 ParOldGen       total 84992K, used 620K [0x0000000783200000, 0x0000000788500000, 0x00000007d6600000)
  object space 84992K, 0% used [0x0000000783200000,0x000000078329b0f0,0x0000000788500000)
 PSPermGen       total 21504K, used 15445K [0x0000000778c00000, 0x000000077a100000, 0x0000000783200000)
  object space 21504K, 71% used [0x0000000778c00000,0x0000000779b157d0,0x000000077a100000)
}
Event: 2.535 GC heap before
{Heap before GC invocations=5 (full 0):
 PSYoungGen      total 136192K, used 136192K [0x00000007d6600000, 0x00000007df000000, 0x0000000800000000)
  eden space 131072K, 100% used [0x00000007d6600000,0x00000007de600000,0x00000007de600000)
  from space 5120K, 100% used [0x00000007deb00000,0x00000007df000000,0x00000007df000000)
  to   space 5120K, 0% used [0x00000007de600000,0x00000007de600000,0x00000007deb00000)
 ParOldGen       total 84992K, used 620K [0x0000000783200000, 0x0000000788500000, 0x00000007d6600000)
  object space 84992K, 0% used [0x0000000783200000,0x000000078329b0f0,0x0000000788500000)
 PSPermGen       total 21504K, used 15445K [0x0000000778c00000, 0x000000077a100000, 0x0000000783200000)
  object space 21504K, 71% used [0x0000000778c00000,0x0000000779b157d0,0x000000077a100000)
Event: 2.548 GC heap after
Heap after GC invocations=5 (full 0):
 PSYoungGen      total 136192K, used 5088K [0x00000007d6600000, 0x00000007e7300000, 0x0000000800000000)
  eden space 131072K, 0% used [0x00000007d6600000,0x00000007d6600000,0x00000007de600000)
  from space 5120K, 99% used [0x00000007de600000,0x00000007deaf8020,0x00000007deb00000)
  to   space 6656K, 0% used [0x00000007e6c80000,0x00000007e6c80000,0x00000007e7300000)
 ParOldGen       total 84992K, used 2402K [0x0000000783200000, 0x0000000788500000, 0x00000007d6600000)
  object space 84992K, 2% used [0x0000000783200000,0x0000000783458bd0,0x0000000788500000)
 PSPermGen       total 21504K, used 15445K [0x0000000778c00000, 0x000000077a100000, 0x0000000783200000)
  object space 21504K, 71% used [0x0000000778c00000,0x0000000779b157d0,0x000000077a100000)
}
Event: 2.643 GC heap before
{Heap before GC invocations=6 (full 0):
 PSYoungGen      total 136192K, used 136160K [0x00000007d6600000, 0x00000007e7300000, 0x0000000800000000)
  eden space 131072K, 100% used [0x00000007d6600000,0x00000007de600000,0x00000007de600000)
  from space 5120K, 99% used [0x00000007de600000,0x00000007deaf8020,0x00000007deb00000)
  to   space 6656K, 0% used [0x00000007e6c80000,0x00000007e6c80000,0x00000007e7300000)
 ParOldGen       total 84992K, used 2402K [0x0000000783200000, 0x0000000788500000, 0x00000007d6600000)
  object space 84992K, 2% used [0x0000000783200000,0x0000000783458bd0,0x0000000788500000)
 PSPermGen       total 21504K, used 15445K [0x0000000778c00000, 0x000000077a100000, 0x0000000783200000)
  object space 21504K, 71% used [0x0000000778c00000,0x0000000779b157d0,0x000000077a100000)
Event: 2.659 GC heap after
Heap after GC invocations=6 (full 0):
 PSYoungGen      total 267776K, used 6640K [0x00000007d6600000, 0x00000007e7500000, 0x0000000800000000)
  eden space 261120K, 0% used [0x00000007d6600000,0x00000007d6600000,0x00000007e6500000)
  from space 6656K, 99% used [0x00000007e6c80000,0x00000007e72fc010,0x00000007e7300000)
  to   space 7680K, 0% used [0x00000007e6500000,0x00000007e6500000,0x00000007e6c80000)
 ParOldGen       total 84992K, used 3402K [0x0000000783200000, 0x0000000788500000, 0x00000007d6600000)
  object space 84992K, 4% used [0x0000000783200000,0x0000000783552bd0,0x0000000788500000)
 PSPermGen       total 21504K, used 15445K [0x0000000778c00000, 0x000000077a100000, 0x0000000783200000)
  object space 21504K, 71% used [0x0000000778c00000,0x0000000779b157d0,0x000000077a100000)
}
Event: 2.994 GC heap before
{Heap before GC invocations=7 (full 0):
 PSYoungGen      total 267776K, used 267760K [0x00000007d6600000, 0x00000007e7500000, 0x0000000800000000)
  eden space 261120K, 100% used [0x00000007d6600000,0x00000007e6500000,0x00000007e6500000)
  from space 6656K, 99% used [0x00000007e6c80000,0x00000007e72fc010,0x00000007e7300000)
  to   space 7680K, 0% used [0x00000007e6500000,0x00000007e6500000,0x00000007e6c80000)
 ParOldGen       total 84992K, used 3402K [0x0000000783200000, 0x0000000788500000, 0x00000007d6600000)
  object space 84992K, 4% used [0x0000000783200000,0x0000000783552bd0,0x0000000788500000)
 PSPermGen       total 21504K, used 15448K [0x0000000778c00000, 0x000000077a100000, 0x0000000783200000)
  object space 21504K, 71% used [0x0000000778c00000,0x0000000779b16198,0x000000077a100000)

